<?xml version="1.0" encoding="UTF-8"?>
<testng-results skipped="0" failed="2" ignored="0" total="12" passed="10">
  <reporter-output>
  </reporter-output>
  <suite name="Default suite" duration-ms="261416" started-at="2017-06-06T01:33:48Z" finished-at="2017-06-06T01:38:10Z">
    <groups>
    </groups>
    <test name="Default test" duration-ms="261416" started-at="2017-06-06T01:33:48Z" finished-at="2017-06-06T01:38:10Z">
      <class name="com.sqa.anayak.adactin.LogoutTestTC109">
        <test-method status="PASS" signature="setUpChrome()[pri:0, instance:com.sqa.anayak.adactin.LogoutTestTC109@7791a895]" name="setUpChrome" is-config="true" duration-ms="6" started-at="2017-06-05T18:33:48Z" finished-at="2017-06-05T18:33:48Z">
          <reporter-output>
          </reporter-output>
        </test-method> <!-- setUpChrome -->
        <test-method status="PASS" signature="setUpIE()[pri:0, instance:com.sqa.anayak.adactin.LogoutTestTC109@7791a895]" name="setUpIE" is-config="true" duration-ms="1" started-at="2017-06-05T18:33:48Z" finished-at="2017-06-05T18:33:48Z">
          <reporter-output>
          </reporter-output>
        </test-method> <!-- setUpIE -->
        <test-method status="PASS" signature="setUpFirefox()[pri:0, instance:com.sqa.anayak.adactin.LogoutTestTC109@7791a895]" name="setUpFirefox" is-config="true" duration-ms="0" started-at="2017-06-05T18:33:48Z" finished-at="2017-06-05T18:33:48Z">
          <reporter-output>
          </reporter-output>
        </test-method> <!-- setUpFirefox -->
        <test-method status="PASS" signature="setUpSafari()[pri:0, instance:com.sqa.anayak.adactin.LogoutTestTC109@7791a895]" name="setUpSafari" is-config="true" duration-ms="0" started-at="2017-06-05T18:33:48Z" finished-at="2017-06-05T18:33:48Z">
          <reporter-output>
          </reporter-output>
        </test-method> <!-- setUpSafari -->
        <test-method status="PASS" signature="testSearchHotels(java.lang.String, java.lang.String, com.sqa.anayak.enums.Browser, java.lang.String, java.lang.String, java.lang.String, java.lang.String, java.lang.String, java.lang.String, java.lang.String, java.lang.String, java.lang.String, java.lang.String)[pri:0, instance:com.sqa.anayak.adactin.LogoutTestTC109@7791a895]" name="testSearchHotels" duration-ms="23454" started-at="2017-06-05T18:33:48Z" data-provider="dataProvider" finished-at="2017-06-05T18:34:12Z">
          <params>
            <param index="0">
              <value>
                <![CDATA[archananayak]]>
              </value>
            </param>
            <param index="1">
              <value>
                <![CDATA[df20cf0a-6780-4a6a-b74a-3e40b7443a8c]]>
              </value>
            </param>
            <param index="2">
              <value>
                <![CDATA[IE]]>
              </value>
            </param>
            <param index="3">
              <value>
                <![CDATA[11]]>
              </value>
            </param>
            <param index="4">
              <value>
                <![CDATA[Windows 8.1]]>
              </value>
            </param>
            <param index="5">
              <value>
                <![CDATA[Sydney]]>
              </value>
            </param>
            <param index="6">
              <value>
                <![CDATA[Hotel Creek]]>
              </value>
            </param>
            <param index="7">
              <value>
                <![CDATA[Double]]>
              </value>
            </param>
            <param index="8">
              <value>
                <![CDATA[5]]>
              </value>
            </param>
            <param index="9">
              <value>
                <![CDATA[31/05/2017]]>
              </value>
            </param>
            <param index="10">
              <value>
                <![CDATA[01/06/2017]]>
              </value>
            </param>
            <param index="11">
              <value>
                <![CDATA[3]]>
              </value>
            </param>
            <param index="12">
              <value>
                <![CDATA[3]]>
              </value>
            </param>
          </params>
          <reporter-output>
          </reporter-output>
        </test-method> <!-- testSearchHotels -->
        <test-method status="PASS" signature="setUpChrome()[pri:0, instance:com.sqa.anayak.adactin.LogoutTestTC109@7791a895]" name="setUpChrome" is-config="true" duration-ms="0" started-at="2017-06-05T18:34:12Z" finished-at="2017-06-05T18:34:12Z">
          <reporter-output>
          </reporter-output>
        </test-method> <!-- setUpChrome -->
        <test-method status="PASS" signature="setUpIE()[pri:0, instance:com.sqa.anayak.adactin.LogoutTestTC109@7791a895]" name="setUpIE" is-config="true" duration-ms="1" started-at="2017-06-05T18:34:12Z" finished-at="2017-06-05T18:34:12Z">
          <reporter-output>
          </reporter-output>
        </test-method> <!-- setUpIE -->
        <test-method status="PASS" signature="setUpFirefox()[pri:0, instance:com.sqa.anayak.adactin.LogoutTestTC109@7791a895]" name="setUpFirefox" is-config="true" duration-ms="0" started-at="2017-06-05T18:34:12Z" finished-at="2017-06-05T18:34:12Z">
          <reporter-output>
          </reporter-output>
        </test-method> <!-- setUpFirefox -->
        <test-method status="PASS" signature="setUpSafari()[pri:0, instance:com.sqa.anayak.adactin.LogoutTestTC109@7791a895]" name="setUpSafari" is-config="true" duration-ms="0" started-at="2017-06-05T18:34:12Z" finished-at="2017-06-05T18:34:12Z">
          <reporter-output>
          </reporter-output>
        </test-method> <!-- setUpSafari -->
        <test-method status="PASS" signature="testSearchHotels(java.lang.String, java.lang.String, com.sqa.anayak.enums.Browser, java.lang.String, java.lang.String, java.lang.String, java.lang.String, java.lang.String, java.lang.String, java.lang.String, java.lang.String, java.lang.String, java.lang.String)[pri:0, instance:com.sqa.anayak.adactin.LogoutTestTC109@7791a895]" name="testSearchHotels" duration-ms="16824" started-at="2017-06-05T18:34:12Z" data-provider="dataProvider" finished-at="2017-06-05T18:34:29Z">
          <params>
            <param index="0">
              <value>
                <![CDATA[archananayak]]>
              </value>
            </param>
            <param index="1">
              <value>
                <![CDATA[df20cf0a-6780-4a6a-b74a-3e40b7443a8c]]>
              </value>
            </param>
            <param index="2">
              <value>
                <![CDATA[CHROME]]>
              </value>
            </param>
            <param index="3">
              <value>
                <![CDATA[41]]>
              </value>
            </param>
            <param index="4">
              <value>
                <![CDATA[Windows XP]]>
              </value>
            </param>
            <param index="5">
              <value>
                <![CDATA[Brisbane]]>
              </value>
            </param>
            <param index="6">
              <value>
                <![CDATA[Hotel Cornice]]>
              </value>
            </param>
            <param index="7">
              <value>
                <![CDATA[Double]]>
              </value>
            </param>
            <param index="8">
              <value>
                <![CDATA[5]]>
              </value>
            </param>
            <param index="9">
              <value>
                <![CDATA[31/05/2017]]>
              </value>
            </param>
            <param index="10">
              <value>
                <![CDATA[01/06/2017]]>
              </value>
            </param>
            <param index="11">
              <value>
                <![CDATA[3]]>
              </value>
            </param>
            <param index="12">
              <value>
                <![CDATA[3]]>
              </value>
            </param>
          </params>
          <reporter-output>
          </reporter-output>
        </test-method> <!-- testSearchHotels -->
        <test-method status="PASS" signature="setUpChrome()[pri:0, instance:com.sqa.anayak.adactin.LogoutTestTC109@7791a895]" name="setUpChrome" is-config="true" duration-ms="0" started-at="2017-06-05T18:34:29Z" finished-at="2017-06-05T18:34:29Z">
          <reporter-output>
          </reporter-output>
        </test-method> <!-- setUpChrome -->
        <test-method status="PASS" signature="setUpFirefox()[pri:0, instance:com.sqa.anayak.adactin.LogoutTestTC109@7791a895]" name="setUpFirefox" is-config="true" duration-ms="1" started-at="2017-06-05T18:34:29Z" finished-at="2017-06-05T18:34:29Z">
          <reporter-output>
          </reporter-output>
        </test-method> <!-- setUpFirefox -->
        <test-method status="FAIL" signature="testSearchHotels(java.lang.String, java.lang.String, com.sqa.anayak.enums.Browser, java.lang.String, java.lang.String, java.lang.String, java.lang.String, java.lang.String, java.lang.String, java.lang.String, java.lang.String, java.lang.String, java.lang.String)[pri:0, instance:com.sqa.anayak.adactin.LogoutTestTC109@7791a895]" name="testSearchHotels" duration-ms="13497" started-at="2017-06-05T18:34:29Z" data-provider="dataProvider" finished-at="2017-06-05T18:34:42Z">
          <params>
            <param index="0">
              <value>
                <![CDATA[archananayak]]>
              </value>
            </param>
            <param index="1">
              <value>
                <![CDATA[df20cf0a-6780-4a6a-b74a-3e40b7443a8c]]>
              </value>
            </param>
            <param index="2">
              <value>
                <![CDATA[SAFARI]]>
              </value>
            </param>
            <param index="3">
              <value>
                <![CDATA[7]]>
              </value>
            </param>
            <param index="4">
              <value>
                <![CDATA[OS X 10.9]]>
              </value>
            </param>
            <param index="5">
              <value>
                <![CDATA[London]]>
              </value>
            </param>
            <param index="6">
              <value>
                <![CDATA[Hotel Sunshine]]>
              </value>
            </param>
            <param index="7">
              <value>
                <![CDATA[Double]]>
              </value>
            </param>
            <param index="8">
              <value>
                <![CDATA[5]]>
              </value>
            </param>
            <param index="9">
              <value>
                <![CDATA[31/05/2017]]>
              </value>
            </param>
            <param index="10">
              <value>
                <![CDATA[01/06/2017]]>
              </value>
            </param>
            <param index="11">
              <value>
                <![CDATA[3]]>
              </value>
            </param>
            <param index="12">
              <value>
                <![CDATA[3]]>
              </value>
            </param>
          </params>
          <exception class="org.openqa.selenium.NoSuchElementException">
            <message>
              <![CDATA[Could not find element: {"using":"id","value":"location"} (WARNING: The server did not provide any stacktrace information)
Command duration or timeout: 15 milliseconds
For documentation on this error, please visit: http://seleniumhq.org/exceptions/no_such_element.html
Build info: version: '2.48.0', revision: 'b7b081a', time: '2015-10-07 15:48:56'
System info: host: 'itako44005.prod.miso', ip: '172.20.44.5', os.name: 'Mac OS X', os.arch: 'x86_64', os.version: '10.9.5', java.version: '1.8.0_74'
Driver info: org.openqa.selenium.safari.SafariDriver
Capabilities [{browserName=safari, takesScreenshot=true, javascriptEnabled=true, version=7.0.6, cssSelectorsEnabled=true, platform=MAC, secureSsl=true}]
Session ID: null
*** Element info: {Using=id, value=location}
Command duration or timeout: 136 milliseconds
For documentation on this error, please visit: http://seleniumhq.org/exceptions/no_such_element.html
Build info: version: '2.53.1', revision: 'a36b8b1cd5757287168e54b817830adce9b0158d', time: '2016-06-30 19:26:09'
System info: host: 'Girishs-Air', ip: '192.168.42.145', os.name: 'Mac OS X', os.arch: 'x86_64', os.version: '10.10.5', java.version: '1.8.0_77'
Driver info: org.openqa.selenium.remote.RemoteWebDriver
Capabilities [{webdriver.remote.sessionid=824772fcba0f48768729fad070c833bd, takesScreenshot=true, browserName=safari, javascriptEnabled=true, hasMetadata=true, version=7.0.6, cssSelectorsEnabled=true, platform=MAC, secureSsl=true}]
Session ID: 824772fcba0f48768729fad070c833bd
*** Element info: {Using=id, value=location}]]>
            </message>
            <full-stacktrace>
              <![CDATA[org.openqa.selenium.NoSuchElementException: Could not find element: {"using":"id","value":"location"} (WARNING: The server did not provide any stacktrace information)
Command duration or timeout: 15 milliseconds
For documentation on this error, please visit: http://seleniumhq.org/exceptions/no_such_element.html
Build info: version: '2.48.0', revision: 'b7b081a', time: '2015-10-07 15:48:56'
System info: host: 'itako44005.prod.miso', ip: '172.20.44.5', os.name: 'Mac OS X', os.arch: 'x86_64', os.version: '10.9.5', java.version: '1.8.0_74'
Driver info: org.openqa.selenium.safari.SafariDriver
Capabilities [{browserName=safari, takesScreenshot=true, javascriptEnabled=true, version=7.0.6, cssSelectorsEnabled=true, platform=MAC, secureSsl=true}]
Session ID: null
*** Element info: {Using=id, value=location}
Command duration or timeout: 136 milliseconds
For documentation on this error, please visit: http://seleniumhq.org/exceptions/no_such_element.html
Build info: version: '2.53.1', revision: 'a36b8b1cd5757287168e54b817830adce9b0158d', time: '2016-06-30 19:26:09'
System info: host: 'Girishs-Air', ip: '192.168.42.145', os.name: 'Mac OS X', os.arch: 'x86_64', os.version: '10.10.5', java.version: '1.8.0_77'
Driver info: org.openqa.selenium.remote.RemoteWebDriver
Capabilities [{webdriver.remote.sessionid=824772fcba0f48768729fad070c833bd, takesScreenshot=true, browserName=safari, javascriptEnabled=true, hasMetadata=true, version=7.0.6, cssSelectorsEnabled=true, platform=MAC, secureSsl=true}]
Session ID: 824772fcba0f48768729fad070c833bd
*** Element info: {Using=id, value=location}
	at sun.reflect.NativeConstructorAccessorImpl.newInstance0(Native Method)
	at sun.reflect.NativeConstructorAccessorImpl.newInstance(NativeConstructorAccessorImpl.java:62)
	at sun.reflect.DelegatingConstructorAccessorImpl.newInstance(DelegatingConstructorAccessorImpl.java:45)
	at java.lang.reflect.Constructor.newInstance(Constructor.java:423)
	at org.openqa.selenium.remote.ErrorHandler.createThrowable(ErrorHandler.java:206)
	at org.openqa.selenium.remote.ErrorHandler.throwIfResponseFailed(ErrorHandler.java:158)
	at org.openqa.selenium.remote.RemoteWebDriver.execute(RemoteWebDriver.java:678)
	at org.openqa.selenium.remote.RemoteWebDriver.findElement(RemoteWebDriver.java:363)
	at org.openqa.selenium.remote.RemoteWebDriver.findElementById(RemoteWebDriver.java:413)
	at org.openqa.selenium.By$ById.findElement(By.java:218)
	at org.openqa.selenium.remote.RemoteWebDriver.findElement(RemoteWebDriver.java:355)
	at org.openqa.selenium.support.pagefactory.DefaultElementLocator.findElement(DefaultElementLocator.java:69)
	at org.openqa.selenium.support.pagefactory.internal.LocatingElementHandler.invoke(LocatingElementHandler.java:38)
	at com.sun.proxy.$Proxy9.getTagName(Unknown Source)
	at org.openqa.selenium.support.ui.Select.<init>(Select.java:44)
	at com.sqa.anayak.adactin.SearchHotelPage.searchHotels(SearchHotelPage.java:49)
	at com.sqa.anayak.adactin.LogoutTestTC109.testSearchHotels(LogoutTestTC109.java:35)
	at sun.reflect.NativeMethodAccessorImpl.invoke0(Native Method)
	at sun.reflect.NativeMethodAccessorImpl.invoke(NativeMethodAccessorImpl.java:62)
	at sun.reflect.DelegatingMethodAccessorImpl.invoke(DelegatingMethodAccessorImpl.java:43)
	at java.lang.reflect.Method.invoke(Method.java:498)
	at org.testng.internal.MethodInvocationHelper.invokeMethod(MethodInvocationHelper.java:104)
	at org.testng.internal.Invoker.invokeMethod(Invoker.java:645)
	at org.testng.internal.Invoker.invokeTestMethod(Invoker.java:851)
	at org.testng.internal.Invoker.invokeTestMethods(Invoker.java:1177)
	at org.testng.internal.TestMethodWorker.invokeTestMethods(TestMethodWorker.java:129)
	at org.testng.internal.TestMethodWorker.run(TestMethodWorker.java:112)
	at org.testng.TestRunner.privateRun(TestRunner.java:756)
	at org.testng.TestRunner.run(TestRunner.java:610)
	at org.testng.SuiteRunner.runTest(SuiteRunner.java:387)
	at org.testng.SuiteRunner.runSequentially(SuiteRunner.java:382)
	at org.testng.SuiteRunner.privateRun(SuiteRunner.java:340)
	at org.testng.SuiteRunner.run(SuiteRunner.java:289)
	at org.testng.SuiteRunnerWorker.runSuite(SuiteRunnerWorker.java:52)
	at org.testng.SuiteRunnerWorker.run(SuiteRunnerWorker.java:86)
	at org.testng.TestNG.runSuitesSequentially(TestNG.java:1293)
	at org.testng.TestNG.runSuitesLocally(TestNG.java:1218)
	at org.testng.TestNG.runSuites(TestNG.java:1133)
	at org.testng.TestNG.run(TestNG.java:1104)
	at org.testng.remote.AbstractRemoteTestNG.run(AbstractRemoteTestNG.java:132)
	at org.testng.remote.RemoteTestNG.initAndRun(RemoteTestNG.java:230)
	at org.testng.remote.RemoteTestNG.main(RemoteTestNG.java:76)
Caused by: org.openqa.selenium.NoSuchElementException: Could not find element: {"using":"id","value":"location"} (WARNING: The server did not provide any stacktrace information)
Command duration or timeout: 15 milliseconds
For documentation on this error, please visit: http://seleniumhq.org/exceptions/no_such_element.html
Build info: version: '2.48.0', revision: 'b7b081a', time: '2015-10-07 15:48:56'
System info: host: 'itako44005.prod.miso', ip: '172.20.44.5', os.name: 'Mac OS X', os.arch: 'x86_64', os.version: '10.9.5', java.version: '1.8.0_74'
Driver info: org.openqa.selenium.safari.SafariDriver
Capabilities [{browserName=safari, takesScreenshot=true, javascriptEnabled=true, version=7.0.6, cssSelectorsEnabled=true, platform=MAC, secureSsl=true}]
Session ID: null
*** Element info: {Using=id, value=location}
For documentation on this error, please visit: http://seleniumhq.org/exceptions/no_such_element.html
Build info: version: '2.53.1', revision: 'a36b8b1cd5757287168e54b817830adce9b0158d', time: '2016-06-30 19:26:09'
System info: host: 'Girishs-Air', ip: '192.168.42.145', os.name: 'Mac OS X', os.arch: 'x86_64', os.version: '10.10.5', java.version: '1.8.0_77'
Driver info: driver.version: EventFiringWebDriver
	at sun.reflect.NativeConstructorAccessorImpl.newInstance0(Native Method)
	at sun.reflect.NativeConstructorAccessorImpl.newInstance(NativeConstructorAccessorImpl.java:62)
	at sun.reflect.DelegatingConstructorAccessorImpl.newInstance(DelegatingConstructorAccessorImpl.java:45)
	at java.lang.reflect.Constructor.newInstance(Constructor.java:423)
	at org.openqa.selenium.remote.ErrorHandler.createThrowable(ErrorHandler.java:206)
	at org.openqa.selenium.remote.ErrorHandler.throwIfResponseFailed(ErrorHandler.java:158)
	at org.openqa.selenium.remote.RemoteWebDriver.execute(RemoteWebDriver.java:647)
	at org.openqa.selenium.remote.RemoteWebDriver.findElement(RemoteWebDriver.java:353)
	at org.openqa.selenium.remote.RemoteWebDriver.findElementById(RemoteWebDriver.java:403)
	at org.openqa.selenium.By$ById.findElement(By.java:218)
	at org.openqa.selenium.remote.RemoteWebDriver.findElement(RemoteWebDriver.java:345)
	at sun.reflect.NativeMethodAccessorImpl.invoke0(Native Method)
	at sun.reflect.NativeMethodAccessorImpl.invoke(NativeMethodAccessorImpl.java:62)
	at sun.reflect.DelegatingMethodAccessorImpl.invoke(DelegatingMethodAccessorImpl.java:43)
	at java.lang.reflect.Method.invoke(Method.java:498)
	at org.openqa.selenium.support.events.EventFiringWebDriver$2.invoke(EventFiringWebDriver.java:102)
	at com.sun.proxy.$Proxy1.findElement(Unknown Source)
	at org.openqa.selenium.support.events.EventFiringWebDriver.findElement(EventFiringWebDriver.java:187)
	at org.openqa.selenium.remote.server.handler.FindElement.call(FindElement.java:48)
	at org.openqa.selenium.remote.server.handler.FindElement.call(FindElement.java:1)
	at java.util.concurrent.FutureTask.run(FutureTask.java:266)
	at org.openqa.selenium.remote.server.DefaultSession$1.run(DefaultSession.java:176)
	at java.util.concurrent.ThreadPoolExecutor.runWorker(ThreadPoolExecutor.java:1142)
	at java.util.concurrent.ThreadPoolExecutor$Worker.run(ThreadPoolExecutor.java:617)
	at java.lang.Thread.run(Thread.java:745)
]]>
            </full-stacktrace>
          </exception> <!-- org.openqa.selenium.NoSuchElementException -->
          <reporter-output>
          </reporter-output>
        </test-method> <!-- testSearchHotels -->
        <test-method status="PASS" signature="setUpIE()[pri:0, instance:com.sqa.anayak.adactin.LogoutTestTC109@7791a895]" name="setUpIE" is-config="true" duration-ms="0" started-at="2017-06-05T18:34:29Z" finished-at="2017-06-05T18:34:29Z">
          <reporter-output>
          </reporter-output>
        </test-method> <!-- setUpIE -->
        <test-method status="PASS" signature="setUpSafari()[pri:0, instance:com.sqa.anayak.adactin.LogoutTestTC109@7791a895]" name="setUpSafari" is-config="true" duration-ms="0" started-at="2017-06-05T18:34:29Z" finished-at="2017-06-05T18:34:29Z">
          <reporter-output>
          </reporter-output>
        </test-method> <!-- setUpSafari -->
        <test-method status="PASS" signature="setUpIE()[pri:0, instance:com.sqa.anayak.adactin.LogoutTestTC109@7791a895]" name="setUpIE" is-config="true" duration-ms="0" started-at="2017-06-05T18:34:44Z" finished-at="2017-06-05T18:34:44Z">
          <reporter-output>
          </reporter-output>
        </test-method> <!-- setUpIE -->
        <test-method status="PASS" signature="setUpFirefox()[pri:0, instance:com.sqa.anayak.adactin.LogoutTestTC109@7791a895]" name="setUpFirefox" is-config="true" duration-ms="0" started-at="2017-06-05T18:34:44Z" finished-at="2017-06-05T18:34:44Z">
          <reporter-output>
          </reporter-output>
        </test-method> <!-- setUpFirefox -->
        <test-method status="PASS" signature="setUpChrome()[pri:0, instance:com.sqa.anayak.adactin.LogoutTestTC109@7791a895]" name="setUpChrome" is-config="true" duration-ms="0" started-at="2017-06-05T18:34:44Z" finished-at="2017-06-05T18:34:44Z">
          <reporter-output>
          </reporter-output>
        </test-method> <!-- setUpChrome -->
        <test-method status="PASS" signature="testSearchHotels(java.lang.String, java.lang.String, com.sqa.anayak.enums.Browser, java.lang.String, java.lang.String, java.lang.String, java.lang.String, java.lang.String, java.lang.String, java.lang.String, java.lang.String, java.lang.String, java.lang.String)[pri:0, instance:com.sqa.anayak.adactin.LogoutTestTC109@7791a895]" name="testSearchHotels" duration-ms="21375" started-at="2017-06-05T18:34:44Z" data-provider="dataProvider" finished-at="2017-06-05T18:35:05Z">
          <params>
            <param index="0">
              <value>
                <![CDATA[archananayak]]>
              </value>
            </param>
            <param index="1">
              <value>
                <![CDATA[df20cf0a-6780-4a6a-b74a-3e40b7443a8c]]>
              </value>
            </param>
            <param index="2">
              <value>
                <![CDATA[FIREFOX]]>
              </value>
            </param>
            <param index="3">
              <value>
                <![CDATA[35]]>
              </value>
            </param>
            <param index="4">
              <value>
                <![CDATA[Windows 7]]>
              </value>
            </param>
            <param index="5">
              <value>
                <![CDATA[Sydney]]>
              </value>
            </param>
            <param index="6">
              <value>
                <![CDATA[Hotel Creek]]>
              </value>
            </param>
            <param index="7">
              <value>
                <![CDATA[Double]]>
              </value>
            </param>
            <param index="8">
              <value>
                <![CDATA[5]]>
              </value>
            </param>
            <param index="9">
              <value>
                <![CDATA[31/05/2017]]>
              </value>
            </param>
            <param index="10">
              <value>
                <![CDATA[01/06/2017]]>
              </value>
            </param>
            <param index="11">
              <value>
                <![CDATA[3]]>
              </value>
            </param>
            <param index="12">
              <value>
                <![CDATA[3]]>
              </value>
            </param>
          </params>
          <reporter-output>
          </reporter-output>
        </test-method> <!-- testSearchHotels -->
        <test-method status="PASS" signature="setUpSafari()[pri:0, instance:com.sqa.anayak.adactin.LogoutTestTC109@7791a895]" name="setUpSafari" is-config="true" duration-ms="0" started-at="2017-06-05T18:34:44Z" finished-at="2017-06-05T18:34:44Z">
          <reporter-output>
          </reporter-output>
        </test-method> <!-- setUpSafari -->
        <test-method status="PASS" signature="setUpChrome()[pri:0, instance:com.sqa.anayak.adactin.LogoutTestTC109@7791a895]" name="setUpChrome" is-config="true" duration-ms="0" started-at="2017-06-05T18:35:05Z" finished-at="2017-06-05T18:35:05Z">
          <reporter-output>
          </reporter-output>
        </test-method> <!-- setUpChrome -->
        <test-method status="PASS" signature="setUpIE()[pri:0, instance:com.sqa.anayak.adactin.LogoutTestTC109@7791a895]" name="setUpIE" is-config="true" duration-ms="0" started-at="2017-06-05T18:35:05Z" finished-at="2017-06-05T18:35:05Z">
          <reporter-output>
          </reporter-output>
        </test-method> <!-- setUpIE -->
        <test-method status="PASS" signature="setUpFirefox()[pri:0, instance:com.sqa.anayak.adactin.LogoutTestTC109@7791a895]" name="setUpFirefox" is-config="true" duration-ms="0" started-at="2017-06-05T18:35:05Z" finished-at="2017-06-05T18:35:05Z">
          <reporter-output>
          </reporter-output>
        </test-method> <!-- setUpFirefox -->
        <test-method status="PASS" signature="setUpSafari()[pri:0, instance:com.sqa.anayak.adactin.LogoutTestTC109@7791a895]" name="setUpSafari" is-config="true" duration-ms="1" started-at="2017-06-05T18:35:05Z" finished-at="2017-06-05T18:35:05Z">
          <reporter-output>
          </reporter-output>
        </test-method> <!-- setUpSafari -->
        <test-method status="PASS" signature="testSearchHotels(java.lang.String, java.lang.String, com.sqa.anayak.enums.Browser, java.lang.String, java.lang.String, java.lang.String, java.lang.String, java.lang.String, java.lang.String, java.lang.String, java.lang.String, java.lang.String, java.lang.String)[pri:0, instance:com.sqa.anayak.adactin.LogoutTestTC109@7791a895]" name="testSearchHotels" duration-ms="21523" started-at="2017-06-05T18:35:05Z" data-provider="dataProvider" finished-at="2017-06-05T18:35:27Z">
          <params>
            <param index="0">
              <value>
                <![CDATA[archananayak]]>
              </value>
            </param>
            <param index="1">
              <value>
                <![CDATA[df20cf0a-6780-4a6a-b74a-3e40b7443a8c]]>
              </value>
            </param>
            <param index="2">
              <value>
                <![CDATA[IE]]>
              </value>
            </param>
            <param index="3">
              <value>
                <![CDATA[11]]>
              </value>
            </param>
            <param index="4">
              <value>
                <![CDATA[Windows 8.1]]>
              </value>
            </param>
            <param index="5">
              <value>
                <![CDATA[Brisbane]]>
              </value>
            </param>
            <param index="6">
              <value>
                <![CDATA[Hotel Cornice]]>
              </value>
            </param>
            <param index="7">
              <value>
                <![CDATA[Double]]>
              </value>
            </param>
            <param index="8">
              <value>
                <![CDATA[5]]>
              </value>
            </param>
            <param index="9">
              <value>
                <![CDATA[31/05/2017]]>
              </value>
            </param>
            <param index="10">
              <value>
                <![CDATA[01/06/2017]]>
              </value>
            </param>
            <param index="11">
              <value>
                <![CDATA[3]]>
              </value>
            </param>
            <param index="12">
              <value>
                <![CDATA[3]]>
              </value>
            </param>
          </params>
          <reporter-output>
          </reporter-output>
        </test-method> <!-- testSearchHotels -->
        <test-method status="PASS" signature="setUpChrome()[pri:0, instance:com.sqa.anayak.adactin.LogoutTestTC109@7791a895]" name="setUpChrome" is-config="true" duration-ms="2" started-at="2017-06-05T18:35:27Z" finished-at="2017-06-05T18:35:27Z">
          <reporter-output>
          </reporter-output>
        </test-method> <!-- setUpChrome -->
        <test-method status="PASS" signature="setUpFirefox()[pri:0, instance:com.sqa.anayak.adactin.LogoutTestTC109@7791a895]" name="setUpFirefox" is-config="true" duration-ms="1" started-at="2017-06-05T18:35:27Z" finished-at="2017-06-05T18:35:27Z">
          <reporter-output>
          </reporter-output>
        </test-method> <!-- setUpFirefox -->
        <test-method status="PASS" signature="setUpIE()[pri:0, instance:com.sqa.anayak.adactin.LogoutTestTC109@7791a895]" name="setUpIE" is-config="true" duration-ms="0" started-at="2017-06-05T18:35:27Z" finished-at="2017-06-05T18:35:27Z">
          <reporter-output>
          </reporter-output>
        </test-method> <!-- setUpIE -->
        <test-method status="PASS" signature="testSearchHotels(java.lang.String, java.lang.String, com.sqa.anayak.enums.Browser, java.lang.String, java.lang.String, java.lang.String, java.lang.String, java.lang.String, java.lang.String, java.lang.String, java.lang.String, java.lang.String, java.lang.String)[pri:0, instance:com.sqa.anayak.adactin.LogoutTestTC109@7791a895]" name="testSearchHotels" duration-ms="17338" started-at="2017-06-05T18:35:27Z" data-provider="dataProvider" finished-at="2017-06-05T18:35:44Z">
          <params>
            <param index="0">
              <value>
                <![CDATA[archananayak]]>
              </value>
            </param>
            <param index="1">
              <value>
                <![CDATA[df20cf0a-6780-4a6a-b74a-3e40b7443a8c]]>
              </value>
            </param>
            <param index="2">
              <value>
                <![CDATA[CHROME]]>
              </value>
            </param>
            <param index="3">
              <value>
                <![CDATA[41]]>
              </value>
            </param>
            <param index="4">
              <value>
                <![CDATA[Windows XP]]>
              </value>
            </param>
            <param index="5">
              <value>
                <![CDATA[London]]>
              </value>
            </param>
            <param index="6">
              <value>
                <![CDATA[Hotel Sunshine]]>
              </value>
            </param>
            <param index="7">
              <value>
                <![CDATA[Double]]>
              </value>
            </param>
            <param index="8">
              <value>
                <![CDATA[5]]>
              </value>
            </param>
            <param index="9">
              <value>
                <![CDATA[31/05/2017]]>
              </value>
            </param>
            <param index="10">
              <value>
                <![CDATA[01/06/2017]]>
              </value>
            </param>
            <param index="11">
              <value>
                <![CDATA[3]]>
              </value>
            </param>
            <param index="12">
              <value>
                <![CDATA[3]]>
              </value>
            </param>
          </params>
          <reporter-output>
          </reporter-output>
        </test-method> <!-- testSearchHotels -->
        <test-method status="PASS" signature="setUpSafari()[pri:0, instance:com.sqa.anayak.adactin.LogoutTestTC109@7791a895]" name="setUpSafari" is-config="true" duration-ms="0" started-at="2017-06-05T18:35:27Z" finished-at="2017-06-05T18:35:27Z">
          <reporter-output>
          </reporter-output>
        </test-method> <!-- setUpSafari -->
        <test-method status="PASS" signature="setUpSafari()[pri:0, instance:com.sqa.anayak.adactin.LogoutTestTC109@7791a895]" name="setUpSafari" is-config="true" duration-ms="0" started-at="2017-06-05T18:35:44Z" finished-at="2017-06-05T18:35:44Z">
          <reporter-output>
          </reporter-output>
        </test-method> <!-- setUpSafari -->
        <test-method status="PASS" signature="setUpChrome()[pri:0, instance:com.sqa.anayak.adactin.LogoutTestTC109@7791a895]" name="setUpChrome" is-config="true" duration-ms="0" started-at="2017-06-05T18:35:44Z" finished-at="2017-06-05T18:35:44Z">
          <reporter-output>
          </reporter-output>
        </test-method> <!-- setUpChrome -->
        <test-method status="PASS" signature="setUpFirefox()[pri:0, instance:com.sqa.anayak.adactin.LogoutTestTC109@7791a895]" name="setUpFirefox" is-config="true" duration-ms="0" started-at="2017-06-05T18:35:44Z" finished-at="2017-06-05T18:35:44Z">
          <reporter-output>
          </reporter-output>
        </test-method> <!-- setUpFirefox -->
        <test-method status="FAIL" signature="testSearchHotels(java.lang.String, java.lang.String, com.sqa.anayak.enums.Browser, java.lang.String, java.lang.String, java.lang.String, java.lang.String, java.lang.String, java.lang.String, java.lang.String, java.lang.String, java.lang.String, java.lang.String)[pri:0, instance:com.sqa.anayak.adactin.LogoutTestTC109@7791a895]" name="testSearchHotels" duration-ms="28791" started-at="2017-06-05T18:35:44Z" data-provider="dataProvider" finished-at="2017-06-05T18:36:13Z">
          <params>
            <param index="0">
              <value>
                <![CDATA[archananayak]]>
              </value>
            </param>
            <param index="1">
              <value>
                <![CDATA[df20cf0a-6780-4a6a-b74a-3e40b7443a8c]]>
              </value>
            </param>
            <param index="2">
              <value>
                <![CDATA[SAFARI]]>
              </value>
            </param>
            <param index="3">
              <value>
                <![CDATA[7]]>
              </value>
            </param>
            <param index="4">
              <value>
                <![CDATA[OS X 10.9]]>
              </value>
            </param>
            <param index="5">
              <value>
                <![CDATA[Sydney]]>
              </value>
            </param>
            <param index="6">
              <value>
                <![CDATA[Hotel Creek]]>
              </value>
            </param>
            <param index="7">
              <value>
                <![CDATA[Double]]>
              </value>
            </param>
            <param index="8">
              <value>
                <![CDATA[5]]>
              </value>
            </param>
            <param index="9">
              <value>
                <![CDATA[31/05/2017]]>
              </value>
            </param>
            <param index="10">
              <value>
                <![CDATA[01/06/2017]]>
              </value>
            </param>
            <param index="11">
              <value>
                <![CDATA[3]]>
              </value>
            </param>
            <param index="12">
              <value>
                <![CDATA[3]]>
              </value>
            </param>
          </params>
          <exception class="org.openqa.selenium.NoSuchElementException">
            <message>
              <![CDATA[Could not find element: {"using":"id","value":"location"} (WARNING: The server did not provide any stacktrace information)
Command duration or timeout: 5 milliseconds
For documentation on this error, please visit: http://seleniumhq.org/exceptions/no_such_element.html
Build info: version: '2.48.0', revision: 'b7b081a', time: '2015-10-07 15:48:56'
System info: host: 'itako52254.prod.miso', ip: '172.20.52.254', os.name: 'Mac OS X', os.arch: 'x86_64', os.version: '10.9.5', java.version: '1.8.0_74'
Driver info: org.openqa.selenium.safari.SafariDriver
Capabilities [{browserName=safari, takesScreenshot=true, javascriptEnabled=true, version=7.0.6, cssSelectorsEnabled=true, platform=MAC, secureSsl=true}]
Session ID: null
*** Element info: {Using=id, value=location}
Command duration or timeout: 85 milliseconds
For documentation on this error, please visit: http://seleniumhq.org/exceptions/no_such_element.html
Build info: version: '2.53.1', revision: 'a36b8b1cd5757287168e54b817830adce9b0158d', time: '2016-06-30 19:26:09'
System info: host: 'Girishs-Air', ip: '192.168.42.145', os.name: 'Mac OS X', os.arch: 'x86_64', os.version: '10.10.5', java.version: '1.8.0_77'
Driver info: org.openqa.selenium.remote.RemoteWebDriver
Capabilities [{webdriver.remote.sessionid=a48e7a0118d14f98b323c0e382f54c7a, takesScreenshot=true, browserName=safari, javascriptEnabled=true, hasMetadata=true, version=7.0.6, cssSelectorsEnabled=true, platform=MAC, secureSsl=true}]
Session ID: a48e7a0118d14f98b323c0e382f54c7a
*** Element info: {Using=id, value=location}]]>
            </message>
            <full-stacktrace>
              <![CDATA[org.openqa.selenium.NoSuchElementException: Could not find element: {"using":"id","value":"location"} (WARNING: The server did not provide any stacktrace information)
Command duration or timeout: 5 milliseconds
For documentation on this error, please visit: http://seleniumhq.org/exceptions/no_such_element.html
Build info: version: '2.48.0', revision: 'b7b081a', time: '2015-10-07 15:48:56'
System info: host: 'itako52254.prod.miso', ip: '172.20.52.254', os.name: 'Mac OS X', os.arch: 'x86_64', os.version: '10.9.5', java.version: '1.8.0_74'
Driver info: org.openqa.selenium.safari.SafariDriver
Capabilities [{browserName=safari, takesScreenshot=true, javascriptEnabled=true, version=7.0.6, cssSelectorsEnabled=true, platform=MAC, secureSsl=true}]
Session ID: null
*** Element info: {Using=id, value=location}
Command duration or timeout: 85 milliseconds
For documentation on this error, please visit: http://seleniumhq.org/exceptions/no_such_element.html
Build info: version: '2.53.1', revision: 'a36b8b1cd5757287168e54b817830adce9b0158d', time: '2016-06-30 19:26:09'
System info: host: 'Girishs-Air', ip: '192.168.42.145', os.name: 'Mac OS X', os.arch: 'x86_64', os.version: '10.10.5', java.version: '1.8.0_77'
Driver info: org.openqa.selenium.remote.RemoteWebDriver
Capabilities [{webdriver.remote.sessionid=a48e7a0118d14f98b323c0e382f54c7a, takesScreenshot=true, browserName=safari, javascriptEnabled=true, hasMetadata=true, version=7.0.6, cssSelectorsEnabled=true, platform=MAC, secureSsl=true}]
Session ID: a48e7a0118d14f98b323c0e382f54c7a
*** Element info: {Using=id, value=location}
	at sun.reflect.NativeConstructorAccessorImpl.newInstance0(Native Method)
	at sun.reflect.NativeConstructorAccessorImpl.newInstance(NativeConstructorAccessorImpl.java:62)
	at sun.reflect.DelegatingConstructorAccessorImpl.newInstance(DelegatingConstructorAccessorImpl.java:45)
	at java.lang.reflect.Constructor.newInstance(Constructor.java:423)
	at org.openqa.selenium.remote.ErrorHandler.createThrowable(ErrorHandler.java:206)
	at org.openqa.selenium.remote.ErrorHandler.throwIfResponseFailed(ErrorHandler.java:158)
	at org.openqa.selenium.remote.RemoteWebDriver.execute(RemoteWebDriver.java:678)
	at org.openqa.selenium.remote.RemoteWebDriver.findElement(RemoteWebDriver.java:363)
	at org.openqa.selenium.remote.RemoteWebDriver.findElementById(RemoteWebDriver.java:413)
	at org.openqa.selenium.By$ById.findElement(By.java:218)
	at org.openqa.selenium.remote.RemoteWebDriver.findElement(RemoteWebDriver.java:355)
	at org.openqa.selenium.support.pagefactory.DefaultElementLocator.findElement(DefaultElementLocator.java:69)
	at org.openqa.selenium.support.pagefactory.internal.LocatingElementHandler.invoke(LocatingElementHandler.java:38)
	at com.sun.proxy.$Proxy9.getTagName(Unknown Source)
	at org.openqa.selenium.support.ui.Select.<init>(Select.java:44)
	at com.sqa.anayak.adactin.SearchHotelPage.searchHotels(SearchHotelPage.java:49)
	at com.sqa.anayak.adactin.LogoutTestTC109.testSearchHotels(LogoutTestTC109.java:35)
	at sun.reflect.NativeMethodAccessorImpl.invoke0(Native Method)
	at sun.reflect.NativeMethodAccessorImpl.invoke(NativeMethodAccessorImpl.java:62)
	at sun.reflect.DelegatingMethodAccessorImpl.invoke(DelegatingMethodAccessorImpl.java:43)
	at java.lang.reflect.Method.invoke(Method.java:498)
	at org.testng.internal.MethodInvocationHelper.invokeMethod(MethodInvocationHelper.java:104)
	at org.testng.internal.Invoker.invokeMethod(Invoker.java:645)
	at org.testng.internal.Invoker.invokeTestMethod(Invoker.java:851)
	at org.testng.internal.Invoker.invokeTestMethods(Invoker.java:1177)
	at org.testng.internal.TestMethodWorker.invokeTestMethods(TestMethodWorker.java:129)
	at org.testng.internal.TestMethodWorker.run(TestMethodWorker.java:112)
	at org.testng.TestRunner.privateRun(TestRunner.java:756)
	at org.testng.TestRunner.run(TestRunner.java:610)
	at org.testng.SuiteRunner.runTest(SuiteRunner.java:387)
	at org.testng.SuiteRunner.runSequentially(SuiteRunner.java:382)
	at org.testng.SuiteRunner.privateRun(SuiteRunner.java:340)
	at org.testng.SuiteRunner.run(SuiteRunner.java:289)
	at org.testng.SuiteRunnerWorker.runSuite(SuiteRunnerWorker.java:52)
	at org.testng.SuiteRunnerWorker.run(SuiteRunnerWorker.java:86)
	at org.testng.TestNG.runSuitesSequentially(TestNG.java:1293)
	at org.testng.TestNG.runSuitesLocally(TestNG.java:1218)
	at org.testng.TestNG.runSuites(TestNG.java:1133)
	at org.testng.TestNG.run(TestNG.java:1104)
	at org.testng.remote.AbstractRemoteTestNG.run(AbstractRemoteTestNG.java:132)
	at org.testng.remote.RemoteTestNG.initAndRun(RemoteTestNG.java:230)
	at org.testng.remote.RemoteTestNG.main(RemoteTestNG.java:76)
Caused by: org.openqa.selenium.NoSuchElementException: Could not find element: {"using":"id","value":"location"} (WARNING: The server did not provide any stacktrace information)
Command duration or timeout: 5 milliseconds
For documentation on this error, please visit: http://seleniumhq.org/exceptions/no_such_element.html
Build info: version: '2.48.0', revision: 'b7b081a', time: '2015-10-07 15:48:56'
System info: host: 'itako52254.prod.miso', ip: '172.20.52.254', os.name: 'Mac OS X', os.arch: 'x86_64', os.version: '10.9.5', java.version: '1.8.0_74'
Driver info: org.openqa.selenium.safari.SafariDriver
Capabilities [{browserName=safari, takesScreenshot=true, javascriptEnabled=true, version=7.0.6, cssSelectorsEnabled=true, platform=MAC, secureSsl=true}]
Session ID: null
*** Element info: {Using=id, value=location}
For documentation on this error, please visit: http://seleniumhq.org/exceptions/no_such_element.html
Build info: version: '2.53.1', revision: 'a36b8b1cd5757287168e54b817830adce9b0158d', time: '2016-06-30 19:26:09'
System info: host: 'Girishs-Air', ip: '192.168.42.145', os.name: 'Mac OS X', os.arch: 'x86_64', os.version: '10.10.5', java.version: '1.8.0_77'
Driver info: driver.version: EventFiringWebDriver
	at sun.reflect.NativeConstructorAccessorImpl.newInstance0(Native Method)
	at sun.reflect.NativeConstructorAccessorImpl.newInstance(NativeConstructorAccessorImpl.java:62)
	at sun.reflect.DelegatingConstructorAccessorImpl.newInstance(DelegatingConstructorAccessorImpl.java:45)
	at java.lang.reflect.Constructor.newInstance(Constructor.java:423)
	at org.openqa.selenium.remote.ErrorHandler.createThrowable(ErrorHandler.java:206)
	at org.openqa.selenium.remote.ErrorHandler.throwIfResponseFailed(ErrorHandler.java:158)
	at org.openqa.selenium.remote.RemoteWebDriver.execute(RemoteWebDriver.java:647)
	at org.openqa.selenium.remote.RemoteWebDriver.findElement(RemoteWebDriver.java:353)
	at org.openqa.selenium.remote.RemoteWebDriver.findElementById(RemoteWebDriver.java:403)
	at org.openqa.selenium.By$ById.findElement(By.java:218)
	at org.openqa.selenium.remote.RemoteWebDriver.findElement(RemoteWebDriver.java:345)
	at sun.reflect.NativeMethodAccessorImpl.invoke0(Native Method)
	at sun.reflect.NativeMethodAccessorImpl.invoke(NativeMethodAccessorImpl.java:62)
	at sun.reflect.DelegatingMethodAccessorImpl.invoke(DelegatingMethodAccessorImpl.java:43)
	at java.lang.reflect.Method.invoke(Method.java:498)
	at org.openqa.selenium.support.events.EventFiringWebDriver$2.invoke(EventFiringWebDriver.java:102)
	at com.sun.proxy.$Proxy1.findElement(Unknown Source)
	at org.openqa.selenium.support.events.EventFiringWebDriver.findElement(EventFiringWebDriver.java:187)
	at org.openqa.selenium.remote.server.handler.FindElement.call(FindElement.java:48)
	at org.openqa.selenium.remote.server.handler.FindElement.call(FindElement.java:1)
	at java.util.concurrent.FutureTask.run(FutureTask.java:266)
	at org.openqa.selenium.remote.server.DefaultSession$1.run(DefaultSession.java:176)
	at java.util.concurrent.ThreadPoolExecutor.runWorker(ThreadPoolExecutor.java:1142)
	at java.util.concurrent.ThreadPoolExecutor$Worker.run(ThreadPoolExecutor.java:617)
	at java.lang.Thread.run(Thread.java:745)
]]>
            </full-stacktrace>
          </exception> <!-- org.openqa.selenium.NoSuchElementException -->
          <reporter-output>
          </reporter-output>
        </test-method> <!-- testSearchHotels -->
        <test-method status="PASS" signature="setUpIE()[pri:0, instance:com.sqa.anayak.adactin.LogoutTestTC109@7791a895]" name="setUpIE" is-config="true" duration-ms="0" started-at="2017-06-05T18:35:44Z" finished-at="2017-06-05T18:35:44Z">
          <reporter-output>
          </reporter-output>
        </test-method> <!-- setUpIE -->
        <test-method status="PASS" signature="setUpFirefox()[pri:0, instance:com.sqa.anayak.adactin.LogoutTestTC109@7791a895]" name="setUpFirefox" is-config="true" duration-ms="0" started-at="2017-06-05T18:36:14Z" finished-at="2017-06-05T18:36:14Z">
          <reporter-output>
          </reporter-output>
        </test-method> <!-- setUpFirefox -->
        <test-method status="PASS" signature="setUpChrome()[pri:0, instance:com.sqa.anayak.adactin.LogoutTestTC109@7791a895]" name="setUpChrome" is-config="true" duration-ms="0" started-at="2017-06-05T18:36:14Z" finished-at="2017-06-05T18:36:14Z">
          <reporter-output>
          </reporter-output>
        </test-method> <!-- setUpChrome -->
        <test-method status="PASS" signature="setUpIE()[pri:0, instance:com.sqa.anayak.adactin.LogoutTestTC109@7791a895]" name="setUpIE" is-config="true" duration-ms="1" started-at="2017-06-05T18:36:14Z" finished-at="2017-06-05T18:36:14Z">
          <reporter-output>
          </reporter-output>
        </test-method> <!-- setUpIE -->
        <test-method status="PASS" signature="testSearchHotels(java.lang.String, java.lang.String, com.sqa.anayak.enums.Browser, java.lang.String, java.lang.String, java.lang.String, java.lang.String, java.lang.String, java.lang.String, java.lang.String, java.lang.String, java.lang.String, java.lang.String)[pri:0, instance:com.sqa.anayak.adactin.LogoutTestTC109@7791a895]" name="testSearchHotels" duration-ms="22453" started-at="2017-06-05T18:36:14Z" data-provider="dataProvider" finished-at="2017-06-05T18:36:37Z">
          <params>
            <param index="0">
              <value>
                <![CDATA[archananayak]]>
              </value>
            </param>
            <param index="1">
              <value>
                <![CDATA[df20cf0a-6780-4a6a-b74a-3e40b7443a8c]]>
              </value>
            </param>
            <param index="2">
              <value>
                <![CDATA[FIREFOX]]>
              </value>
            </param>
            <param index="3">
              <value>
                <![CDATA[35]]>
              </value>
            </param>
            <param index="4">
              <value>
                <![CDATA[Windows 7]]>
              </value>
            </param>
            <param index="5">
              <value>
                <![CDATA[Brisbane]]>
              </value>
            </param>
            <param index="6">
              <value>
                <![CDATA[Hotel Cornice]]>
              </value>
            </param>
            <param index="7">
              <value>
                <![CDATA[Double]]>
              </value>
            </param>
            <param index="8">
              <value>
                <![CDATA[5]]>
              </value>
            </param>
            <param index="9">
              <value>
                <![CDATA[31/05/2017]]>
              </value>
            </param>
            <param index="10">
              <value>
                <![CDATA[01/06/2017]]>
              </value>
            </param>
            <param index="11">
              <value>
                <![CDATA[3]]>
              </value>
            </param>
            <param index="12">
              <value>
                <![CDATA[3]]>
              </value>
            </param>
          </params>
          <reporter-output>
          </reporter-output>
        </test-method> <!-- testSearchHotels -->
        <test-method status="PASS" signature="setUpSafari()[pri:0, instance:com.sqa.anayak.adactin.LogoutTestTC109@7791a895]" name="setUpSafari" is-config="true" duration-ms="0" started-at="2017-06-05T18:36:14Z" finished-at="2017-06-05T18:36:14Z">
          <reporter-output>
          </reporter-output>
        </test-method> <!-- setUpSafari -->
        <test-method status="PASS" signature="setUpChrome()[pri:0, instance:com.sqa.anayak.adactin.LogoutTestTC109@7791a895]" name="setUpChrome" is-config="true" duration-ms="1" started-at="2017-06-05T18:36:37Z" finished-at="2017-06-05T18:36:37Z">
          <reporter-output>
          </reporter-output>
        </test-method> <!-- setUpChrome -->
        <test-method status="PASS" signature="setUpSafari()[pri:0, instance:com.sqa.anayak.adactin.LogoutTestTC109@7791a895]" name="setUpSafari" is-config="true" duration-ms="0" started-at="2017-06-05T18:36:37Z" finished-at="2017-06-05T18:36:37Z">
          <reporter-output>
          </reporter-output>
        </test-method> <!-- setUpSafari -->
        <test-method status="PASS" signature="testSearchHotels(java.lang.String, java.lang.String, com.sqa.anayak.enums.Browser, java.lang.String, java.lang.String, java.lang.String, java.lang.String, java.lang.String, java.lang.String, java.lang.String, java.lang.String, java.lang.String, java.lang.String)[pri:0, instance:com.sqa.anayak.adactin.LogoutTestTC109@7791a895]" name="testSearchHotels" duration-ms="22110" started-at="2017-06-05T18:36:37Z" data-provider="dataProvider" finished-at="2017-06-05T18:36:59Z">
          <params>
            <param index="0">
              <value>
                <![CDATA[archananayak]]>
              </value>
            </param>
            <param index="1">
              <value>
                <![CDATA[df20cf0a-6780-4a6a-b74a-3e40b7443a8c]]>
              </value>
            </param>
            <param index="2">
              <value>
                <![CDATA[IE]]>
              </value>
            </param>
            <param index="3">
              <value>
                <![CDATA[11]]>
              </value>
            </param>
            <param index="4">
              <value>
                <![CDATA[Windows 8.1]]>
              </value>
            </param>
            <param index="5">
              <value>
                <![CDATA[London]]>
              </value>
            </param>
            <param index="6">
              <value>
                <![CDATA[Hotel Sunshine]]>
              </value>
            </param>
            <param index="7">
              <value>
                <![CDATA[Double]]>
              </value>
            </param>
            <param index="8">
              <value>
                <![CDATA[5]]>
              </value>
            </param>
            <param index="9">
              <value>
                <![CDATA[31/05/2017]]>
              </value>
            </param>
            <param index="10">
              <value>
                <![CDATA[01/06/2017]]>
              </value>
            </param>
            <param index="11">
              <value>
                <![CDATA[3]]>
              </value>
            </param>
            <param index="12">
              <value>
                <![CDATA[3]]>
              </value>
            </param>
          </params>
          <reporter-output>
          </reporter-output>
        </test-method> <!-- testSearchHotels -->
        <test-method status="PASS" signature="setUpFirefox()[pri:0, instance:com.sqa.anayak.adactin.LogoutTestTC109@7791a895]" name="setUpFirefox" is-config="true" duration-ms="0" started-at="2017-06-05T18:36:37Z" finished-at="2017-06-05T18:36:37Z">
          <reporter-output>
          </reporter-output>
        </test-method> <!-- setUpFirefox -->
        <test-method status="PASS" signature="setUpIE()[pri:0, instance:com.sqa.anayak.adactin.LogoutTestTC109@7791a895]" name="setUpIE" is-config="true" duration-ms="0" started-at="2017-06-05T18:36:37Z" finished-at="2017-06-05T18:36:37Z">
          <reporter-output>
          </reporter-output>
        </test-method> <!-- setUpIE -->
        <test-method status="PASS" signature="setUpIE()[pri:0, instance:com.sqa.anayak.adactin.LogoutTestTC109@7791a895]" name="setUpIE" is-config="true" duration-ms="0" started-at="2017-06-05T18:36:59Z" finished-at="2017-06-05T18:36:59Z">
          <reporter-output>
          </reporter-output>
        </test-method> <!-- setUpIE -->
        <test-method status="PASS" signature="setUpFirefox()[pri:0, instance:com.sqa.anayak.adactin.LogoutTestTC109@7791a895]" name="setUpFirefox" is-config="true" duration-ms="0" started-at="2017-06-05T18:36:59Z" finished-at="2017-06-05T18:36:59Z">
          <reporter-output>
          </reporter-output>
        </test-method> <!-- setUpFirefox -->
        <test-method status="PASS" signature="setUpSafari()[pri:0, instance:com.sqa.anayak.adactin.LogoutTestTC109@7791a895]" name="setUpSafari" is-config="true" duration-ms="1" started-at="2017-06-05T18:36:59Z" finished-at="2017-06-05T18:36:59Z">
          <reporter-output>
          </reporter-output>
        </test-method> <!-- setUpSafari -->
        <test-method status="PASS" signature="setUpChrome()[pri:0, instance:com.sqa.anayak.adactin.LogoutTestTC109@7791a895]" name="setUpChrome" is-config="true" duration-ms="0" started-at="2017-06-05T18:36:59Z" finished-at="2017-06-05T18:36:59Z">
          <reporter-output>
          </reporter-output>
        </test-method> <!-- setUpChrome -->
        <test-method status="PASS" signature="testSearchHotels(java.lang.String, java.lang.String, com.sqa.anayak.enums.Browser, java.lang.String, java.lang.String, java.lang.String, java.lang.String, java.lang.String, java.lang.String, java.lang.String, java.lang.String, java.lang.String, java.lang.String)[pri:0, instance:com.sqa.anayak.adactin.LogoutTestTC109@7791a895]" name="testSearchHotels" duration-ms="18292" started-at="2017-06-05T18:36:59Z" data-provider="dataProvider" finished-at="2017-06-05T18:37:17Z">
          <params>
            <param index="0">
              <value>
                <![CDATA[archananayak]]>
              </value>
            </param>
            <param index="1">
              <value>
                <![CDATA[df20cf0a-6780-4a6a-b74a-3e40b7443a8c]]>
              </value>
            </param>
            <param index="2">
              <value>
                <![CDATA[CHROME]]>
              </value>
            </param>
            <param index="3">
              <value>
                <![CDATA[41]]>
              </value>
            </param>
            <param index="4">
              <value>
                <![CDATA[Windows XP]]>
              </value>
            </param>
            <param index="5">
              <value>
                <![CDATA[Sydney]]>
              </value>
            </param>
            <param index="6">
              <value>
                <![CDATA[Hotel Creek]]>
              </value>
            </param>
            <param index="7">
              <value>
                <![CDATA[Double]]>
              </value>
            </param>
            <param index="8">
              <value>
                <![CDATA[5]]>
              </value>
            </param>
            <param index="9">
              <value>
                <![CDATA[31/05/2017]]>
              </value>
            </param>
            <param index="10">
              <value>
                <![CDATA[01/06/2017]]>
              </value>
            </param>
            <param index="11">
              <value>
                <![CDATA[3]]>
              </value>
            </param>
            <param index="12">
              <value>
                <![CDATA[3]]>
              </value>
            </param>
          </params>
          <reporter-output>
          </reporter-output>
        </test-method> <!-- testSearchHotels -->
        <test-method status="PASS" signature="setUpIE()[pri:0, instance:com.sqa.anayak.adactin.LogoutTestTC109@7791a895]" name="setUpIE" is-config="true" duration-ms="0" started-at="2017-06-05T18:37:17Z" finished-at="2017-06-05T18:37:17Z">
          <reporter-output>
          </reporter-output>
        </test-method> <!-- setUpIE -->
        <test-method status="PASS" signature="setUpChrome()[pri:0, instance:com.sqa.anayak.adactin.LogoutTestTC109@7791a895]" name="setUpChrome" is-config="true" duration-ms="0" started-at="2017-06-05T18:37:17Z" finished-at="2017-06-05T18:37:17Z">
          <reporter-output>
          </reporter-output>
        </test-method> <!-- setUpChrome -->
        <test-method status="PASS" signature="setUpSafari()[pri:0, instance:com.sqa.anayak.adactin.LogoutTestTC109@7791a895]" name="setUpSafari" is-config="true" duration-ms="0" started-at="2017-06-05T18:37:17Z" finished-at="2017-06-05T18:37:17Z">
          <reporter-output>
          </reporter-output>
        </test-method> <!-- setUpSafari -->
        <test-method status="PASS" signature="setUpFirefox()[pri:0, instance:com.sqa.anayak.adactin.LogoutTestTC109@7791a895]" name="setUpFirefox" is-config="true" duration-ms="0" started-at="2017-06-05T18:37:17Z" finished-at="2017-06-05T18:37:17Z">
          <reporter-output>
          </reporter-output>
        </test-method> <!-- setUpFirefox -->
        <test-method status="PASS" signature="testSearchHotels(java.lang.String, java.lang.String, com.sqa.anayak.enums.Browser, java.lang.String, java.lang.String, java.lang.String, java.lang.String, java.lang.String, java.lang.String, java.lang.String, java.lang.String, java.lang.String, java.lang.String)[pri:0, instance:com.sqa.anayak.adactin.LogoutTestTC109@7791a895]" name="testSearchHotels" duration-ms="31567" started-at="2017-06-05T18:37:17Z" data-provider="dataProvider" finished-at="2017-06-05T18:37:49Z">
          <params>
            <param index="0">
              <value>
                <![CDATA[archananayak]]>
              </value>
            </param>
            <param index="1">
              <value>
                <![CDATA[df20cf0a-6780-4a6a-b74a-3e40b7443a8c]]>
              </value>
            </param>
            <param index="2">
              <value>
                <![CDATA[SAFARI]]>
              </value>
            </param>
            <param index="3">
              <value>
                <![CDATA[7]]>
              </value>
            </param>
            <param index="4">
              <value>
                <![CDATA[OS X 10.9]]>
              </value>
            </param>
            <param index="5">
              <value>
                <![CDATA[Brisbane]]>
              </value>
            </param>
            <param index="6">
              <value>
                <![CDATA[Hotel Cornice]]>
              </value>
            </param>
            <param index="7">
              <value>
                <![CDATA[Double]]>
              </value>
            </param>
            <param index="8">
              <value>
                <![CDATA[5]]>
              </value>
            </param>
            <param index="9">
              <value>
                <![CDATA[31/05/2017]]>
              </value>
            </param>
            <param index="10">
              <value>
                <![CDATA[01/06/2017]]>
              </value>
            </param>
            <param index="11">
              <value>
                <![CDATA[3]]>
              </value>
            </param>
            <param index="12">
              <value>
                <![CDATA[3]]>
              </value>
            </param>
          </params>
          <reporter-output>
          </reporter-output>
        </test-method> <!-- testSearchHotels -->
        <test-method status="PASS" signature="setUpFirefox()[pri:0, instance:com.sqa.anayak.adactin.LogoutTestTC109@7791a895]" name="setUpFirefox" is-config="true" duration-ms="0" started-at="2017-06-05T18:37:49Z" finished-at="2017-06-05T18:37:49Z">
          <reporter-output>
          </reporter-output>
        </test-method> <!-- setUpFirefox -->
        <test-method status="PASS" signature="setUpChrome()[pri:0, instance:com.sqa.anayak.adactin.LogoutTestTC109@7791a895]" name="setUpChrome" is-config="true" duration-ms="0" started-at="2017-06-05T18:37:49Z" finished-at="2017-06-05T18:37:49Z">
          <reporter-output>
          </reporter-output>
        </test-method> <!-- setUpChrome -->
        <test-method status="PASS" signature="testSearchHotels(java.lang.String, java.lang.String, com.sqa.anayak.enums.Browser, java.lang.String, java.lang.String, java.lang.String, java.lang.String, java.lang.String, java.lang.String, java.lang.String, java.lang.String, java.lang.String, java.lang.String)[pri:0, instance:com.sqa.anayak.adactin.LogoutTestTC109@7791a895]" name="testSearchHotels" duration-ms="21002" started-at="2017-06-05T18:37:49Z" data-provider="dataProvider" finished-at="2017-06-05T18:38:10Z">
          <params>
            <param index="0">
              <value>
                <![CDATA[archananayak]]>
              </value>
            </param>
            <param index="1">
              <value>
                <![CDATA[df20cf0a-6780-4a6a-b74a-3e40b7443a8c]]>
              </value>
            </param>
            <param index="2">
              <value>
                <![CDATA[FIREFOX]]>
              </value>
            </param>
            <param index="3">
              <value>
                <![CDATA[35]]>
              </value>
            </param>
            <param index="4">
              <value>
                <![CDATA[Windows 7]]>
              </value>
            </param>
            <param index="5">
              <value>
                <![CDATA[London]]>
              </value>
            </param>
            <param index="6">
              <value>
                <![CDATA[Hotel Sunshine]]>
              </value>
            </param>
            <param index="7">
              <value>
                <![CDATA[Double]]>
              </value>
            </param>
            <param index="8">
              <value>
                <![CDATA[5]]>
              </value>
            </param>
            <param index="9">
              <value>
                <![CDATA[31/05/2017]]>
              </value>
            </param>
            <param index="10">
              <value>
                <![CDATA[01/06/2017]]>
              </value>
            </param>
            <param index="11">
              <value>
                <![CDATA[3]]>
              </value>
            </param>
            <param index="12">
              <value>
                <![CDATA[3]]>
              </value>
            </param>
          </params>
          <reporter-output>
          </reporter-output>
        </test-method> <!-- testSearchHotels -->
        <test-method status="PASS" signature="setUpSafari()[pri:0, instance:com.sqa.anayak.adactin.LogoutTestTC109@7791a895]" name="setUpSafari" is-config="true" duration-ms="0" started-at="2017-06-05T18:37:49Z" finished-at="2017-06-05T18:37:49Z">
          <reporter-output>
          </reporter-output>
        </test-method> <!-- setUpSafari -->
        <test-method status="PASS" signature="setUpIE()[pri:0, instance:com.sqa.anayak.adactin.LogoutTestTC109@7791a895]" name="setUpIE" is-config="true" duration-ms="0" started-at="2017-06-05T18:37:49Z" finished-at="2017-06-05T18:37:49Z">
          <reporter-output>
          </reporter-output>
        </test-method> <!-- setUpIE -->
        <test-method status="PASS" signature="tearDown()[pri:0, instance:com.sqa.anayak.adactin.LogoutTestTC109@7791a895]" name="tearDown" is-config="true" duration-ms="153" started-at="2017-06-05T18:38:10Z" finished-at="2017-06-05T18:38:10Z">
          <reporter-output>
          </reporter-output>
        </test-method> <!-- tearDown -->
      </class> <!-- com.sqa.anayak.adactin.LogoutTestTC109 -->
    </test> <!-- Default test -->
  </suite> <!-- Default suite -->
</testng-results>
